<?xml version="1.0" encoding="UTF-8"?>
<!-- Generated by org.testng.reporters.JUnitReportReporter -->
<testsuite hostname="Adarsh" failures="0" tests="1" name="com.kwfb.qa.testcases.LoginTest" time="23.122" errors="0" timestamp="2022-12-17T11:28:20 IST" skipped="0">
  <testcase classname="com.kwfb.qa.testcases.LoginTest" name="loginTest" time="23.122"/>
  <system-out/>
</testsuite> <!-- com.kwfb.qa.testcases.LoginTest -->
