<?xml version="1.0" encoding="UTF-8"?>
<!-- Generated by org.testng.reporters.JUnitReportReporter -->
<testsuite hostname="Adarsh" failures="0" tests="1" name="com.kwfb.qa.testcases.LoginTest" time="0.603" errors="0" timestamp="2022-12-20T15:50:10 IST" skipped="0">
  <testcase classname="com.kwfb.qa.testcases.LoginTest" name="loginTest" time="0.603"/>
  <system-out/>
</testsuite> <!-- com.kwfb.qa.testcases.LoginTest -->
