<?xml version="1.0" encoding="UTF-8"?>
<!-- Generated by org.testng.reporters.JUnitReportReporter -->
<testsuite hostname="Adarsh" failures="0" tests="1" name="com.kbfb.qa.testcases.LoginTest" time="19.467" errors="0" timestamp="2022-12-16T15:58:19 IST" skipped="0">
  <testcase classname="com.kbfb.qa.testcases.LoginTest" name="loginTest" time="19.467"/>
  <system-out/>
</testsuite> <!-- com.kbfb.qa.testcases.LoginTest -->
