<?xml version="1.0" encoding="UTF-8"?>
<!-- Generated by org.testng.reporters.JUnitReportReporter -->
<testsuite hostname="Adarsh" failures="0" tests="1" name="com.kbfb.qa.testcases.LoginTest" time="4.631" errors="0" timestamp="2022-12-15T21:35:40 IST" skipped="0">
  <testcase classname="com.kbfb.qa.testcases.LoginTest" name="loginTest" time="4.631"/>
  <system-out/>
</testsuite> <!-- com.kbfb.qa.testcases.LoginTest -->
